<?xml version="1.0" encoding="UTF-8"?>
<testng-results skipped="0" failed="0" ignored="0" total="1" passed="1">
  <reporter-output>
  </reporter-output>
  <suite name="Default suite" duration-ms="24338" started-at="2022-09-03T20:59:07 CDT" finished-at="2022-09-03T20:59:31 CDT">
    <groups>
    </groups>
    <test name="Default test" duration-ms="24338" started-at="2022-09-03T20:59:07 CDT" finished-at="2022-09-03T20:59:31 CDT">
      <class name="test.CategoryTest">
        <test-method status="PASS" signature="CategoryIsAdded()[pri:0, instance:test.CategoryTest@6acdbdf5]" name="CategoryIsAdded" duration-ms="24290" started-at="2022-09-03T20:59:07 CDT" finished-at="2022-09-03T20:59:31 CDT">
          <reporter-output>
          </reporter-output>
        </test-method> <!-- CategoryIsAdded -->
      </class> <!-- test.CategoryTest -->
    </test> <!-- Default test -->
  </suite> <!-- Default suite -->
</testng-results>
